<?xml version="1.0" encoding="UTF-8"?>
<!-- Generated by org.testng.reporters.JUnitXMLReporter -->
<testsuite ignored="2" hostname="Diya" failures="0" tests="2" name="Test" time="10.944" errors="0" timestamp="2025-02-15T19:35:54 EST">
  <testcase classname="testScript.LoginTest" name="userLoginWithValidUsernameAndPassword" time="2.619"/>
  <testcase classname="testScript.LoginTest" name="userLoginWithInvalidUsernameAndvalidPassword" time="0.704"/>
  <testcase classname="testScript.LoginTest" name="userLoginWithInvalidUsernameAndInvalidPassword" time="0.0">
    <ignored/>
  </testcase> <!-- userLoginWithInvalidUsernameAndInvalidPassword -->
  <testcase classname="testScript.LoginTest" name="userLoginWithValidUsernameAndInvalidPassword" time="0.0">
    <ignored/>
  </testcase> <!-- userLoginWithValidUsernameAndInvalidPassword -->
</testsuite> <!-- Test -->
