<?xml version="1.0" encoding="UTF-8"?>
<testng-results ignored="1" total="2" passed="1" failed="0" skipped="0">
  <reporter-output>
  </reporter-output>
  <suite started-at="2025-02-20T12:23:44 EST" name="Suite" finished-at="2025-02-20T12:23:52 EST" duration-ms="7580">
    <groups>
    </groups>
    <test started-at="2025-02-20T12:23:44 EST" name="Test" finished-at="2025-02-20T12:23:52 EST" duration-ms="7580">
      <class name="testScript.HomeTest">
        <test-method is-config="true" signature="initializeBrowser(java.lang.String)[pri:0, instance:testScript.HomeTest@548a24a]" started-at="2025-02-20T12:23:44 EST" name="initializeBrowser" finished-at="2025-02-20T12:23:48 EST" duration-ms="3835" status="PASS">
          <params>
            <param index="0">
              <value>
                <![CDATA[Chrome]]>
              </value>
            </param>
          </params>
          <reporter-output>
          </reporter-output>
        </test-method> <!-- initializeBrowser -->
        <test-method signature="accessOfDashboardMenuOnHomePage()[pri:1, instance:testScript.HomeTest@548a24a]" started-at="2025-02-20T12:23:48 EST" name="accessOfDashboardMenuOnHomePage" description="user can access Dashboard Menu on Home Pge" finished-at="2025-02-20T12:23:51 EST" duration-ms="3453" status="PASS">
          <reporter-output>
          </reporter-output>
        </test-method> <!-- accessOfDashboardMenuOnHomePage -->
        <test-method is-config="true" signature="driverCloseAndQuit(org.testng.ITestResult)[pri:0, instance:testScript.HomeTest@548a24a]" started-at="2025-02-20T12:23:51 EST" name="driverCloseAndQuit" finished-at="2025-02-20T12:23:52 EST" duration-ms="254" status="PASS">
          <params>
            <param index="0">
              <value>
                <![CDATA[[TestResult name=accessOfDashboardMenuOnHomePage status=SUCCESS method=HomeTest.accessOfDashboardMenuOnHomePage()[pri:1, instance:testScript.HomeTest@548a24a] output={null}]]]>
              </value>
            </param>
          </params>
          <reporter-output>
          </reporter-output>
        </test-method> <!-- driverCloseAndQuit -->
      </class> <!-- testScript.HomeTest -->
    </test> <!-- Test -->
  </suite> <!-- Suite -->
</testng-results>
