<?xml version="1.0" encoding="UTF-8"?>
<!-- Generated by org.testng.reporters.JUnitXMLReporter -->
<testsuite ignored="3" hostname="Diya" failures="0" tests="1" name="Edge Test" time="7.347" errors="0" timestamp="2025-02-15T19:15:12 EST">
  <testcase classname="testScript.LoginTest" name="userLoginWithInvalidUsernameAndInvalidPassword" time="0.648"/>
  <testcase classname="testScript.LoginTest" name="userLoginWithValidUsernameAndPassword" time="0.0">
    <ignored/>
  </testcase> <!-- userLoginWithValidUsernameAndPassword -->
  <testcase classname="testScript.LoginTest" name="userLoginWithValidUsernameAndInvalidPassword" time="0.0">
    <ignored/>
  </testcase> <!-- userLoginWithValidUsernameAndInvalidPassword -->
  <testcase classname="testScript.LoginTest" name="userLoginWithInvalidUsernameAndvalidPassword" time="0.0">
    <ignored/>
  </testcase> <!-- userLoginWithInvalidUsernameAndvalidPassword -->
</testsuite> <!-- Edge Test -->
