<?xml version="1.0" encoding="UTF-8"?>
<!-- Generated by org.testng.reporters.JUnitXMLReporter -->
<testsuite ignored="0" hostname="Diya" failures="0" tests="5" name="Test1" time="23.77" errors="0" timestamp="2025-02-20T09:44:05 EST">
  <testcase classname="testScript.LoginTest" name="userLoginWithValidUsernameAndPassword" time="1.944"/>
  <testcase classname="testScript.LoginTest" name="userLoginWithInvalidUsernameAndInvalidPassword" time="0.715"/>
  <testcase classname="testScript.LoginTest" name="userLoginWithInvalidUsernameAndInvalidPassword" time="0.693"/>
  <testcase classname="testScript.LoginTest" name="userLoginWithInvalidUsernameAndvalidPassword" time="0.73"/>
  <testcase classname="testScript.LoginTest" name="userLoginWithValidUsernameAndInvalidPassword" time="0.735"/>
</testsuite> <!-- Test1 -->
